{"/home/shannon/Desktop/express-app/src/client/App.js": {"path":"/home/shannon/Desktop/express-app/src/client/App.js","statementMap":{"0":{"start":{"line":5,"column":12},"end":{"line":5,"column":45}},"1":{"start":{"line":5,"column":27},"end":{"line":5,"column":45}},"2":{"start":{"line":7,"column":0},"end":{"line":9,"column":2}},"3":{"start":{"line":11,"column":0},"end":{"line":13,"column":2}}},"fnMap":{"0":{"name":"(anonymous_0)","decl":{"start":{"line":5,"column":12},"end":{"line":5,"column":13}},"loc":{"start":{"line":5,"column":27},"end":{"line":5,"column":45}},"line":5}},"branchMap":{},"s":{"0":1,"1":1,"2":1,"3":1},"f":{"0":1},"b":{},"_coverageSchema":"43e27e138ebf9cfc5966b082cf9a028302ed4184","hash":"d503df60b1c1ec210a15a6ad16ce2fdb9b7908db"}
}
